# This file may be used to create an environment using:
# $ conda create --name <env> --file <this file>
# platform: osx-64
appnope=0.1.0=py37_0
asn1crypto=0.24.0=py37_0
attrs=19.1.0=py37_1
backcall=0.1.0=py37_0
blas=1.0=mkl
bleach=3.1.0=py37_0
ca-certificates=2019.9.11=hecc5488_0
certifi=2019.9.11=py37_0
cffi=1.12.3=py37hb5b8e2f_0
chardet=3.0.4=py37_1003
cryptography=2.7=py37ha12b0ac_0
cycler=0.10.0=py37_0
cymem=2.0.2=py37h04f5b5a_0
cython-blis=0.2.4=py37h01d97ff_1
dbus=1.13.6=h2f22bb5_0
decorator=4.4.0=py37_1
defusedxml=0.6.0=py_0
entrypoints=0.3=py37_0
expat=2.2.6=h0a44026_0
freetype=2.10.0=h24853df_1
gettext=0.19.8.1=h15daf44_3
glib=2.58.3=h9d45998_1002
icu=64.2=h6de7cb9_1
idna=2.8=py37_0
intel-openmp=2019.4=233
ipykernel=5.1.2=py37h39e3cac_0
ipython=7.8.0=py37h39e3cac_0
ipython_genutils=0.2.0=py37_0
ipywidgets=7.5.1=py_0
jedi=0.15.1=py37_0
jinja2=2.10.1=py37_0
joblib=0.13.2=py37_0
jpeg=9c=h1de35cc_1001
jsonlines=1.2.0=py_1
jsonschema=3.0.2=py37_0
jupyter=1.0.0=py37_7
jupyter_client=5.3.3=py37_1
jupyter_console=6.0.0=py37_0
jupyter_core=4.5.0=py_0
kiwisolver=1.1.0=py37h0a44026_0
libcxx=9.0.0=0
libcxxabi=9.0.0=0
libedit=3.1.20181209=hb402a30_0
libffi=3.2.1=h475c297_4
libgfortran=3.0.1=h93005f0_2
libiconv=1.15=hdd342a3_7
libpng=1.6.37=ha441bb4_0
libsodium=1.0.17=h01d97ff_0
llvm-openmp=9.0.0=h40edb58_0
markupsafe=1.1.1=py37h1de35cc_0
matplotlib=3.1.1=py37h54f8f79_0
mistune=0.8.4=py37h1de35cc_0
mkl=2019.4=233
mkl-service=2.3.0=py37hfbe908c_0
mkl_fft=1.0.14=py37h5e564d8_0
mkl_random=1.1.0=py37ha771720_0
murmurhash=1.0.2=py37h0a44026_0
nbconvert=5.6.0=py37_1
nbformat=4.4.0=py37_0
ncurses=6.1=h0a44026_1
notebook=6.0.1=py37_0
numpy=1.17.2=py37h99e6662_0
numpy-base=1.17.2=py37h6575580_0
openssl=1.1.1d=h1de35cc_1
pandas=0.25.1=py37h0a44026_0
pandoc=2.7.3=0
pandocfilters=1.4.2=py37_1
parso=0.5.1=py_0
pcre=8.43=h0a44026_0
pexpect=4.7.0=py37_0
pickleshare=0.7.5=py37_0
pip=19.2.3=py37_0
plac=0.9.6=py37_0
preshed=2.0.1=py37h0a44026_0
prometheus_client=0.7.1=py_0
prompt_toolkit=2.0.9=py37_0
ptyprocess=0.6.0=py37_0
pycparser=2.19=py37_0
pygments=2.4.2=py_0
pyopenssl=19.0.0=py37_0
pyparsing=2.4.2=py_0
pyqt=5.9.2=py37h655552a_2
pyrsistent=0.15.4=py37h1de35cc_0
pysocks=1.7.1=py37_0
python=3.7.4=h359304d_1
python-dateutil=2.8.0=py37_0
pytz=2019.2=py_0
pyzmq=18.1.0=py37h0a44026_0
qt=5.9.7=h8cf7e54_3
qtconsole=4.5.5=py_0
readline=7.0=h1de35cc_5
requests=2.22.0=py37_1
scikit-learn=0.21.3=py37h27c97d8_0
scipy=1.3.1=py37h1410ff5_0
send2trash=1.5.0=py37_0
setuptools=41.2.0=py37_0
sip=4.19.8=py37h0a44026_0
six=1.12.0=py37_0
spacy=2.1.8=py37h770b8ee_0
sqlite=3.29.0=ha441bb4_0
srsly=0.1.0=py37h6de7cb9_0
terminado=0.8.2=py37_0
testpath=0.4.2=py37_0
thinc=7.0.8=py37h770b8ee_0
tk=8.6.9=h2573ce8_1003
tornado=6.0.3=py37h1de35cc_0
tqdm=4.36.1=py_0
traitlets=4.3.2=py37_0
urllib3=1.25.6=py37_0
wasabi=0.2.2=py_0
wcwidth=0.1.7=py37_0
webencodings=0.5.1=py37_1
wheel=0.33.6=py37_0
widgetsnbextension=3.5.1=py37_0
xz=5.2.4=h1de35cc_4
zeromq=4.3.2=h6de7cb9_2
zlib=1.2.11=h1de35cc_3
